[m.naver.com/index.html]
[backblue.gif]
[fade.gif]
[index.html]
[s.nm.naver.net/css/w_20131224.css]
[s.nm.naver.net/css/w_card_20131231.css]
[s.nm.naver.net/css/e_20131011.css]
[static.naver.net/www/mobile/edit/2013/1223/mobile_151314501425.jpg]
[static.naver.net/www/mobile/edit/2013/1223/mobile_15132429944.jpg]
[static.naver.net/www/mobile/edit/2013/1230/mobile_192219199183.png]
[s.nm.naver.net/js/c/naver_common_20131210.min.js]
[static.naver.net/www/m/guide/dummy_1X1.jpg]
[m.naver.com/notice.html]
[m.naver.com/services.html]
[m.naver.com/js/log_clt.js]
[m.naver.com/GET.b.delayed]
[m.naver.com/js/c/main_20131224.min.js]
[m.naver.com/index.html]
[adcreative.naver.com/ad3/js/min/da.mobile.min8b63.js]
[s.nm.naver.net/css/w_20131224.css]
[s.nm.naver.net/css/w_card_20131231.css]
[s.nm.naver.net/css/e_20131011.css]
[m.naver.com/notice.html]
[m.naver.com/services.html]
[m.naver.com/GET.html]
